<?xml version="1.0" encoding="UTF-8"?>
<!-- Generated by org.testng.reporters.JUnitXMLReporter -->
<testsuite hostname="UALGR820G2" ignored="0" name="Surefire test" tests="33" failures="0" timestamp="09 янв 2018 13:11:52 GMT" time="0.536" errors="0">
  <testcase name="@BeforeClass setUp" time="0.116" classname="Test_PageFactory.MainTest">
    <failure type="java.lang.IllegalStateException" message="The driver executable does not exist: C:\Program Files\Java\chromedriver.exe">
      <![CDATA[java.lang.IllegalStateException: The driver executable does not exist: C:\Program Files\Java\chromedriver.exe
	at com.google.common.base.Preconditions.checkState(Preconditions.java:518)
	at org.openqa.selenium.remote.service.DriverService.checkExecutable(DriverService.java:136)
	at org.openqa.selenium.remote.service.DriverService.findExecutable(DriverService.java:131)
	at org.openqa.selenium.chrome.ChromeDriverService.access$000(ChromeDriverService.java:32)
	at org.openqa.selenium.chrome.ChromeDriverService$Builder.findDefaultExecutable(ChromeDriverService.java:137)
	at org.openqa.selenium.remote.service.DriverService$Builder.build(DriverService.java:330)
	at org.openqa.selenium.chrome.ChromeDriverService.createDefaultService(ChromeDriverService.java:88)
	at org.openqa.selenium.chrome.ChromeDriver.<init>(ChromeDriver.java:124)
	at Test_PageFactory.MainTest.setUp(MainTest.java:24)
... Removed 29 stack frames]]>
    </failure>
  </testcase> <!-- @BeforeClass setUp -->
  <testcase name="@AfterClass tearDown" time="0.0" classname="Test_PageFactory.MainTest">
    <skipped/>
  </testcase> <!-- @AfterClass tearDown -->
  <testcase name="@BeforeClass setUp" time="0.006" classname="Test_POM.Test11">
    <failure type="java.lang.IllegalStateException" message="The driver executable does not exist: C:\Program Files\Java\chromedriver.exe">
      <![CDATA[java.lang.IllegalStateException: The driver executable does not exist: C:\Program Files\Java\chromedriver.exe
	at com.google.common.base.Preconditions.checkState(Preconditions.java:518)
	at org.openqa.selenium.remote.service.DriverService.checkExecutable(DriverService.java:136)
	at org.openqa.selenium.remote.service.DriverService.findExecutable(DriverService.java:131)
	at org.openqa.selenium.chrome.ChromeDriverService.access$000(ChromeDriverService.java:32)
	at org.openqa.selenium.chrome.ChromeDriverService$Builder.findDefaultExecutable(ChromeDriverService.java:137)
	at org.openqa.selenium.remote.service.DriverService$Builder.build(DriverService.java:330)
	at org.openqa.selenium.chrome.ChromeDriverService.createDefaultService(ChromeDriverService.java:88)
	at org.openqa.selenium.chrome.ChromeDriver.<init>(ChromeDriver.java:124)
	at Test_POM.Test11.setUp(Test11.java:40)
... Removed 29 stack frames]]>
    </failure>
  </testcase> <!-- @BeforeClass setUp -->
  <testcase name="@AfterClass tearDown" time="0.0" classname="Test_POM.Test11">
    <skipped/>
  </testcase> <!-- @AfterClass tearDown -->
  <testcase name="@BeforeClass setUp" time="0.009" classname="Test_POM.Test22">
    <failure type="java.lang.IllegalStateException" message="The driver executable does not exist: C:\Program Files\Java\chromedriver.exe">
      <![CDATA[java.lang.IllegalStateException: The driver executable does not exist: C:\Program Files\Java\chromedriver.exe
	at com.google.common.base.Preconditions.checkState(Preconditions.java:518)
	at org.openqa.selenium.remote.service.DriverService.checkExecutable(DriverService.java:136)
	at org.openqa.selenium.remote.service.DriverService.findExecutable(DriverService.java:131)
	at org.openqa.selenium.chrome.ChromeDriverService.access$000(ChromeDriverService.java:32)
	at org.openqa.selenium.chrome.ChromeDriverService$Builder.findDefaultExecutable(ChromeDriverService.java:137)
	at org.openqa.selenium.remote.service.DriverService$Builder.build(DriverService.java:330)
	at org.openqa.selenium.chrome.ChromeDriverService.createDefaultService(ChromeDriverService.java:88)
	at org.openqa.selenium.chrome.ChromeDriver.<init>(ChromeDriver.java:124)
	at Test_POM.Test22.setUp(Test22.java:39)
... Removed 29 stack frames]]>
    </failure>
  </testcase> <!-- @BeforeClass setUp -->
  <testcase name="@AfterClass tearDown" time="0.0" classname="Test_POM.Test22">
    <skipped/>
  </testcase> <!-- @AfterClass tearDown -->
  <testcase name="@BeforeClass setUp" time="0.005" classname="Test_POM.Test33">
    <failure type="java.lang.IllegalStateException" message="The driver executable does not exist: C:\Program Files\Java\chromedriver.exe">
      <![CDATA[java.lang.IllegalStateException: The driver executable does not exist: C:\Program Files\Java\chromedriver.exe
	at com.google.common.base.Preconditions.checkState(Preconditions.java:518)
	at org.openqa.selenium.remote.service.DriverService.checkExecutable(DriverService.java:136)
	at org.openqa.selenium.remote.service.DriverService.findExecutable(DriverService.java:131)
	at org.openqa.selenium.chrome.ChromeDriverService.access$000(ChromeDriverService.java:32)
	at org.openqa.selenium.chrome.ChromeDriverService$Builder.findDefaultExecutable(ChromeDriverService.java:137)
	at org.openqa.selenium.remote.service.DriverService$Builder.build(DriverService.java:330)
	at org.openqa.selenium.chrome.ChromeDriverService.createDefaultService(ChromeDriverService.java:88)
	at org.openqa.selenium.chrome.ChromeDriver.<init>(ChromeDriver.java:124)
	at Test_POM.Test33.setUp(Test33.java:25)
... Removed 29 stack frames]]>
    </failure>
  </testcase> <!-- @BeforeClass setUp -->
  <testcase name="@BeforeClass setUp" time="0.006" classname="Test_POM.Test44">
    <failure type="java.lang.IllegalStateException" message="The driver executable does not exist: C:\Program Files\Java\chromedriver.exe">
      <![CDATA[java.lang.IllegalStateException: The driver executable does not exist: C:\Program Files\Java\chromedriver.exe
	at com.google.common.base.Preconditions.checkState(Preconditions.java:518)
	at org.openqa.selenium.remote.service.DriverService.checkExecutable(DriverService.java:136)
	at org.openqa.selenium.remote.service.DriverService.findExecutable(DriverService.java:131)
	at org.openqa.selenium.chrome.ChromeDriverService.access$000(ChromeDriverService.java:32)
	at org.openqa.selenium.chrome.ChromeDriverService$Builder.findDefaultExecutable(ChromeDriverService.java:137)
	at org.openqa.selenium.remote.service.DriverService$Builder.build(DriverService.java:330)
	at org.openqa.selenium.chrome.ChromeDriverService.createDefaultService(ChromeDriverService.java:88)
	at org.openqa.selenium.chrome.ChromeDriver.<init>(ChromeDriver.java:124)
	at Test_POM.Test44.setUp(Test44.java:25)
... Removed 29 stack frames]]>
    </failure>
  </testcase> <!-- @BeforeClass setUp -->
  <testcase name="@AfterClass tearDown" time="0.0" classname="Test_POM.Test44">
    <skipped/>
  </testcase> <!-- @AfterClass tearDown -->
  <testcase name="@BeforeClass setUp" time="0.005" classname="Test_POM.Test55">
    <failure type="java.lang.IllegalStateException" message="The driver executable does not exist: C:\Program Files\Java\chromedriver.exe">
      <![CDATA[java.lang.IllegalStateException: The driver executable does not exist: C:\Program Files\Java\chromedriver.exe
	at com.google.common.base.Preconditions.checkState(Preconditions.java:518)
	at org.openqa.selenium.remote.service.DriverService.checkExecutable(DriverService.java:136)
	at org.openqa.selenium.remote.service.DriverService.findExecutable(DriverService.java:131)
	at org.openqa.selenium.chrome.ChromeDriverService.access$000(ChromeDriverService.java:32)
	at org.openqa.selenium.chrome.ChromeDriverService$Builder.findDefaultExecutable(ChromeDriverService.java:137)
	at org.openqa.selenium.remote.service.DriverService$Builder.build(DriverService.java:330)
	at org.openqa.selenium.chrome.ChromeDriverService.createDefaultService(ChromeDriverService.java:88)
	at org.openqa.selenium.chrome.ChromeDriver.<init>(ChromeDriver.java:124)
	at Test_POM.Test55.setUp(Test55.java:37)
... Removed 29 stack frames]]>
    </failure>
  </testcase> <!-- @BeforeClass setUp -->
  <testcase name="@AfterClass tearDown" time="0.0" classname="Test_POM.Test55">
    <skipped/>
  </testcase> <!-- @AfterClass tearDown -->
  <testcase name="@BeforeClass setUp" time="0.006" classname="Test_POM.Test66">
    <failure type="java.lang.IllegalStateException" message="The driver executable does not exist: C:\Program Files\Java\chromedriver.exe">
      <![CDATA[java.lang.IllegalStateException: The driver executable does not exist: C:\Program Files\Java\chromedriver.exe
	at com.google.common.base.Preconditions.checkState(Preconditions.java:518)
	at org.openqa.selenium.remote.service.DriverService.checkExecutable(DriverService.java:136)
	at org.openqa.selenium.remote.service.DriverService.findExecutable(DriverService.java:131)
	at org.openqa.selenium.chrome.ChromeDriverService.access$000(ChromeDriverService.java:32)
	at org.openqa.selenium.chrome.ChromeDriverService$Builder.findDefaultExecutable(ChromeDriverService.java:137)
	at org.openqa.selenium.remote.service.DriverService$Builder.build(DriverService.java:330)
	at org.openqa.selenium.chrome.ChromeDriverService.createDefaultService(ChromeDriverService.java:88)
	at org.openqa.selenium.chrome.ChromeDriver.<init>(ChromeDriver.java:124)
	at Test_POM.Test66.setUp(Test66.java:31)
... Removed 29 stack frames]]>
    </failure>
  </testcase> <!-- @BeforeClass setUp -->
  <testcase name="@AfterClass tearDown" time="0.0" classname="Test_POM.Test66">
    <skipped/>
  </testcase> <!-- @AfterClass tearDown -->
  <testcase name="@BeforeClass setUp" time="0.006" classname="Test_POM.Test77">
    <failure type="java.lang.IllegalStateException" message="The driver executable does not exist: C:\Program Files\Java\chromedriver.exe">
      <![CDATA[java.lang.IllegalStateException: The driver executable does not exist: C:\Program Files\Java\chromedriver.exe
	at com.google.common.base.Preconditions.checkState(Preconditions.java:518)
	at org.openqa.selenium.remote.service.DriverService.checkExecutable(DriverService.java:136)
	at org.openqa.selenium.remote.service.DriverService.findExecutable(DriverService.java:131)
	at org.openqa.selenium.chrome.ChromeDriverService.access$000(ChromeDriverService.java:32)
	at org.openqa.selenium.chrome.ChromeDriverService$Builder.findDefaultExecutable(ChromeDriverService.java:137)
	at org.openqa.selenium.remote.service.DriverService$Builder.build(DriverService.java:330)
	at org.openqa.selenium.chrome.ChromeDriverService.createDefaultService(ChromeDriverService.java:88)
	at org.openqa.selenium.chrome.ChromeDriver.<init>(ChromeDriver.java:124)
	at Test_POM.Test77.setUp(Test77.java:39)
... Removed 29 stack frames]]>
    </failure>
  </testcase> <!-- @BeforeClass setUp -->
  <testcase name="@AfterClass tearDown" time="0.0" classname="Test_POM.Test77">
    <skipped/>
  </testcase> <!-- @AfterClass tearDown -->
  <testcase name="@BeforeClass setUp" time="0.006" classname="Test_POM.Test88">
    <failure type="java.lang.IllegalStateException" message="The driver executable does not exist: C:\Program Files\Java\chromedriver.exe">
      <![CDATA[java.lang.IllegalStateException: The driver executable does not exist: C:\Program Files\Java\chromedriver.exe
	at com.google.common.base.Preconditions.checkState(Preconditions.java:518)
	at org.openqa.selenium.remote.service.DriverService.checkExecutable(DriverService.java:136)
	at org.openqa.selenium.remote.service.DriverService.findExecutable(DriverService.java:131)
	at org.openqa.selenium.chrome.ChromeDriverService.access$000(ChromeDriverService.java:32)
	at org.openqa.selenium.chrome.ChromeDriverService$Builder.findDefaultExecutable(ChromeDriverService.java:137)
	at org.openqa.selenium.remote.service.DriverService$Builder.build(DriverService.java:330)
	at org.openqa.selenium.chrome.ChromeDriverService.createDefaultService(ChromeDriverService.java:88)
	at org.openqa.selenium.chrome.ChromeDriver.<init>(ChromeDriver.java:124)
	at Test_POM.Test88.setUp(Test88.java:35)
... Removed 29 stack frames]]>
    </failure>
  </testcase> <!-- @BeforeClass setUp -->
  <testcase name="@AfterClass tearDown" time="0.0" classname="Test_POM.Test88">
    <skipped/>
  </testcase> <!-- @AfterClass tearDown -->
  <testcase name="@AfterClass tearDown" time="0.0" classname="Test_POM.Test33">
    <skipped/>
  </testcase> <!-- @AfterClass tearDown -->
  <testcase name="verifyLogin" time="0.0" classname="Test_PageFactory.Test1">
    <skipped/>
  </testcase> <!-- verifyLogin -->
  <testcase name="verifyUserProfileOpened" time="0.0" classname="Test_PageFactory.Test1">
    <skipped/>
  </testcase> <!-- verifyUserProfileOpened -->
  <testcase name="verifyLogout" time="0.0" classname="Test_PageFactory.Test1">
    <skipped/>
  </testcase> <!-- verifyLogout -->
  <testcase name="ArrayAuthentication" time="0.0" classname="Test_PageFactory.Test1">
    <skipped/>
  </testcase> <!-- ArrayAuthentication -->
  <testcase name="verifyLogin" time="0.0" classname="Test_POM.Test11">
    <skipped/>
  </testcase> <!-- verifyLogin -->
  <testcase name="verifyUserProfileOpened" time="0.0" classname="Test_POM.Test11">
    <skipped/>
  </testcase> <!-- verifyUserProfileOpened -->
  <testcase name="verifyLogout" time="0.0" classname="Test_POM.Test11">
    <skipped/>
  </testcase> <!-- verifyLogout -->
  <testcase name="ArrayAuthentication" time="0.0" classname="Test_POM.Test11">
    <skipped/>
  </testcase> <!-- ArrayAuthentication -->
  <testcase name="VerifyInvalidLoginData" time="0.0" classname="Test_POM.Test22">
    <skipped/>
  </testcase> <!-- VerifyInvalidLoginData -->
  <testcase name="VerifyInvalidLoginData" time="0.0" classname="Test_POM.Test22">
    <skipped/>
  </testcase> <!-- VerifyInvalidLoginData -->
  <testcase name="VerifyInvalidLoginData" time="0.0" classname="Test_POM.Test22">
    <skipped/>
  </testcase> <!-- VerifyInvalidLoginData -->
  <testcase name="VerifyInvalidLoginData" time="0.0" classname="Test_POM.Test22">
    <skipped/>
  </testcase> <!-- VerifyInvalidLoginData -->
  <testcase name="VerifyInvalidLoginData" time="0.0" classname="Test_POM.Test22">
    <skipped/>
  </testcase> <!-- VerifyInvalidLoginData -->
  <testcase name="VerifyInvalidLoginData" time="0.0" classname="Test_POM.Test22">
    <skipped/>
  </testcase> <!-- VerifyInvalidLoginData -->
  <testcase name="VerifyInvalidLoginData" time="0.0" classname="Test_POM.Test22">
    <skipped/>
  </testcase> <!-- VerifyInvalidLoginData -->
  <testcase name="VerifyInvalidLoginData" time="0.0" classname="Test_POM.Test22">
    <skipped/>
  </testcase> <!-- VerifyInvalidLoginData -->
  <testcase name="VerifyInvalidLoginData" time="0.0" classname="Test_POM.Test22">
    <skipped/>
  </testcase> <!-- VerifyInvalidLoginData -->
  <testcase name="VerifyInvalidLoginData" time="0.0" classname="Test_POM.Test22">
    <skipped/>
  </testcase> <!-- VerifyInvalidLoginData -->
  <testcase name="verifyNewFavouritesLabels" time="0.0" classname="Test_POM.Test22">
    <skipped/>
  </testcase> <!-- verifyNewFavouritesLabels -->
  <testcase name="verifyNewLinks" time="0.0" classname="Test_POM.Test22">
    <skipped/>
  </testcase> <!-- verifyNewLinks -->
  <testcase name="verifyNewLinks" time="0.0" classname="Test_POM.Test22">
    <skipped/>
  </testcase> <!-- verifyNewLinks -->
  <testcase name="verifyNewLinks" time="0.0" classname="Test_POM.Test22">
    <skipped/>
  </testcase> <!-- verifyNewLinks -->
  <testcase name="verifyNewLinks" time="0.0" classname="Test_POM.Test22">
    <skipped/>
  </testcase> <!-- verifyNewLinks -->
  <testcase name="verifyNewLinks" time="0.0" classname="Test_POM.Test22">
    <skipped/>
  </testcase> <!-- verifyNewLinks -->
  <testcase name="verifyNewLinks" time="0.0" classname="Test_POM.Test22">
    <skipped/>
  </testcase> <!-- verifyNewLinks -->
  <testcase name="verifyThatFindButtonIsVisible" time="0.0" classname="Test_POM.Test33">
    <skipped/>
  </testcase> <!-- verifyThatFindButtonIsVisible -->
  <testcase name="verifyTermColor" time="0.0" classname="Test_POM.Test44">
    <skipped/>
  </testcase> <!-- verifyTermColor -->
  <testcase name="verifySearch" time="0.0" classname="Test_POM.Test55">
    <skipped/>
  </testcase> <!-- verifySearch -->
  <testcase name="testSendEmail" time="0.0" classname="Test_POM.Test55">
    <skipped/>
  </testcase> <!-- testSendEmail -->
  <testcase name="CreateDB" time="0.0" classname="Test_POM.Test66">
    <skipped/>
  </testcase> <!-- CreateDB -->
  <testcase name="DB_Hibernate" time="0.0" classname="Test_POM.Test77">
    <skipped/>
  </testcase> <!-- DB_Hibernate -->
  <testcase name="test_DAO_DB" time="0.0" classname="Test_POM.Test88">
    <skipped/>
  </testcase> <!-- test_DAO_DB -->
  <testcase name="verifyThatFindButtonIsNotVisible" time="0.0" classname="Test_POM.Test33">
    <skipped/>
  </testcase> <!-- verifyThatFindButtonIsNotVisible -->
</testsuite> <!-- Surefire test -->
