<?xml version="1.0" encoding="UTF-8"?>
<testsuite xmlns:xsi="http://www.w3.org/2001/XMLSchema-instance" xsi:noNamespaceSchemaLocation="https://maven.apache.org/surefire/maven-surefire-plugin/xsd/surefire-test-report.xsd" name="TestSuite" time="1.252" tests="51" errors="0" skipped="42" failures="9">
  <properties>
    <property name="idea.version" value="2016.1.2"/>
    <property name="java.runtime.name" value="Java(TM) SE Runtime Environment"/>
    <property name="sun.boot.library.path" value="C:\Program Files (x86)\Java\jdk1.8.0_151\jre\bin"/>
    <property name="java.vm.version" value="25.151-b12"/>
    <property name="java.vm.vendor" value="Oracle Corporation"/>
    <property name="java.vendor.url" value="http://java.oracle.com/"/>
    <property name="path.separator" value=";"/>
    <property name="guice.disable.misplaced.annotation.check" value="true"/>
    <property name="java.vm.name" value="Java HotSpot(TM) Client VM"/>
    <property name="file.encoding.pkg" value="sun.io"/>
    <property name="idea.launcher.port" value="7535"/>
    <property name="user.script" value=""/>
    <property name="user.country" value="RU"/>
    <property name="sun.java.launcher" value="SUN_STANDARD"/>
    <property name="sun.os.patch.level" value=""/>
    <property name="java.vm.specification.name" value="Java Virtual Machine Specification"/>
    <property name="user.dir" value="C:\My_files\JAVA_tests\Selenium_tests_Java-master"/>
    <property name="java.runtime.version" value="1.8.0_151-b12"/>
    <property name="java.awt.graphicsenv" value="sun.awt.Win32GraphicsEnvironment"/>
    <property name="java.endorsed.dirs" value="C:\Program Files (x86)\Java\jdk1.8.0_151\jre\lib\endorsed"/>
    <property name="os.arch" value="x86"/>
    <property name="java.io.tmpdir" value="C:\Users\slobse01\AppData\Local\Temp\"/>
    <property name="line.separator" value="&#10;"/>
    <property name="java.vm.specification.vendor" value="Oracle Corporation"/>
    <property name="user.variant" value=""/>
    <property name="os.name" value="Windows 10"/>
    <property name="classworlds.conf" value="C:\Program Files (x86)\JetBrains\IntelliJ IDEA 2016.1.2\plugins\maven\lib\maven3\bin\m2.conf"/>
    <property name="sun.jnu.encoding" value="Cp1251"/>
    <property name="java.library.path" value="C:\Program Files (x86)\Java\jdk1.8.0_151\bin;C:\WINDOWS\Sun\Java\bin;C:\WINDOWS\system32;C:\WINDOWS;C:\Ruby\bin;C:\Program Files\Common Files\Microsoft Shared\Microsoft Online Services;C:\Program Files (x86)\Common Files\Microsoft Shared\Microsoft Online Services;C:\ProgramData\Oracle\Java\javapath;C:\WINDOWS\system32;C:\WINDOWS;C:\WINDOWS\System32\Wbem;C:\WINDOWS\System32\WindowsPowerShell\v1.0\;C:\Ruby\Redmine;C:\Program Files (x86)\Java\Maven\bin;C:\Putty\;C:\Users\slobse01\AppData\Local\Microsoft\WindowsApps;C:\Program Files (x86)\Java\Maven\bin;;."/>
    <property name="java.specification.name" value="Java Platform API Specification"/>
    <property name="java.class.version" value="52.0"/>
    <property name="sun.management.compiler" value="HotSpot Client Compiler"/>
    <property name="os.version" value="10.0"/>
    <property name="user.home" value="C:\Users\slobse01"/>
    <property name="user.timezone" value="Europe/Helsinki"/>
    <property name="java.awt.printerjob" value="sun.awt.windows.WPrinterJob"/>
    <property name="java.specification.version" value="1.8"/>
    <property name="idea.launcher.bin.path" value="C:\Program Files (x86)\JetBrains\IntelliJ IDEA 2016.1.2\bin"/>
    <property name="file.encoding" value="UTF-8"/>
    <property name="user.name" value="slobse01"/>
    <property name="java.class.path" value="C:\Program Files (x86)\JetBrains\IntelliJ IDEA 2016.1.2\plugins\maven\lib\maven3\boot\plexus-classworlds-2.4.jar;C:\Program Files (x86)\JetBrains\IntelliJ IDEA 2016.1.2\lib\idea_rt.jar"/>
    <property name="java.vm.specification.version" value="1.8"/>
    <property name="sun.arch.data.model" value="32"/>
    <property name="java.home" value="C:\Program Files (x86)\Java\jdk1.8.0_151\jre"/>
    <property name="sun.java.command" value="com.intellij.rt.execution.application.AppMain org.codehaus.classworlds.Launcher -Didea.version=2016.1.2 install"/>
    <property name="java.specification.vendor" value="Oracle Corporation"/>
    <property name="user.language" value="ru"/>
    <property name="awt.toolkit" value="sun.awt.windows.WToolkit"/>
    <property name="java.vm.info" value="mixed mode"/>
    <property name="java.version" value="1.8.0_151"/>
    <property name="java.ext.dirs" value="C:\Program Files (x86)\Java\jdk1.8.0_151\jre\lib\ext;C:\WINDOWS\Sun\Java\lib\ext"/>
    <property name="sun.boot.class.path" value="C:\Program Files (x86)\Java\jdk1.8.0_151\jre\lib\resources.jar;C:\Program Files (x86)\Java\jdk1.8.0_151\jre\lib\rt.jar;C:\Program Files (x86)\Java\jdk1.8.0_151\jre\lib\sunrsasign.jar;C:\Program Files (x86)\Java\jdk1.8.0_151\jre\lib\jsse.jar;C:\Program Files (x86)\Java\jdk1.8.0_151\jre\lib\jce.jar;C:\Program Files (x86)\Java\jdk1.8.0_151\jre\lib\charsets.jar;C:\Program Files (x86)\Java\jdk1.8.0_151\jre\lib\jfr.jar;C:\Program Files (x86)\Java\jdk1.8.0_151\jre\classes"/>
    <property name="java.vendor" value="Oracle Corporation"/>
    <property name="maven.home" value="C:\Program Files (x86)\JetBrains\IntelliJ IDEA 2016.1.2\plugins\maven\lib\maven3"/>
    <property name="file.separator" value="\"/>
    <property name="java.vendor.url.bug" value="http://bugreport.sun.com/bugreport/"/>
    <property name="sun.cpu.endian" value="little"/>
    <property name="sun.io.unicode.encoding" value="UnicodeLittle"/>
    <property name="sun.desktop" value="windows"/>
    <property name="sun.cpu.isalist" value="pentium_pro+mmx pentium_pro pentium+mmx pentium i486 i386 i86"/>
  </properties>
  <testcase name="setUp" classname="Test_PageFactory.Test1" time="0.433">
    <failure message="The driver executable does not exist: C:\Program Files\Java\chromedriver.exe" type="java.lang.IllegalStateException">java.lang.IllegalStateException: The driver executable does not exist: C:\Program Files\Java\chromedriver.exe
</failure>
  </testcase>
  <testcase name="verifyLogin" classname="Test_PageFactory.Test1" time="0">
    <skipped message="The driver executable does not exist: C:\Program Files\Java\chromedriver.exe"/>
  </testcase>
  <testcase name="verifyUserProfileOpened" classname="Test_PageFactory.Test1" time="0">
    <skipped message="Method Test1.verifyUserProfileOpened()[pri:0, instance:Test_PageFactory.Test1@19f379] depends on not successfully finished methods"/>
  </testcase>
  <testcase name="verifyLogout" classname="Test_PageFactory.Test1" time="0">
    <skipped message="Method Test1.verifyLogout(java.lang.reflect.Method)[pri:0, instance:Test_PageFactory.Test1@19f379] depends on not successfully finished methods"/>
  </testcase>
  <testcase name="ArrayAuthentication" classname="Test_PageFactory.Test1" time="0">
    <skipped message="Method Test1.ArrayAuthentication(java.lang.String, java.lang.String)[pri:0, instance:Test_PageFactory.Test1@19f379] depends on not successfully finished methods"/>
  </testcase>
  <testcase name="tearDown" classname="Test_PageFactory.Test1" time="0">
    <skipped/>
  </testcase>
  <testcase name="setUp" classname="Test_POM.Test11" time="0.45">
    <failure message="The driver executable does not exist: C:\Program Files\Java\chromedriver.exe" type="java.lang.IllegalStateException">java.lang.IllegalStateException: The driver executable does not exist: C:\Program Files\Java\chromedriver.exe
	at Test_POM.Test11.setUp(Test11.java:40)
</failure>
  </testcase>
  <testcase name="verifyLogin" classname="Test_POM.Test11" time="0">
    <skipped message="The driver executable does not exist: C:\Program Files\Java\chromedriver.exe"/>
  </testcase>
  <testcase name="verifyUserProfileOpened" classname="Test_POM.Test11" time="0">
    <skipped message="Method Test11.verifyUserProfileOpened()[pri:0, instance:Test_POM.Test11@12cc05a] depends on not successfully finished methods"/>
  </testcase>
  <testcase name="verifyLogout" classname="Test_POM.Test11" time="0">
    <skipped message="Method Test11.verifyLogout(java.lang.reflect.Method)[pri:0, instance:Test_POM.Test11@12cc05a] depends on not successfully finished methods"/>
  </testcase>
  <testcase name="ArrayAuthentication" classname="Test_POM.Test11" time="0">
    <skipped message="Method Test11.ArrayAuthentication(java.lang.String, java.lang.String)[pri:0, instance:Test_POM.Test11@12cc05a] depends on not successfully finished methods"/>
  </testcase>
  <testcase name="tearDown" classname="Test_POM.Test11" time="0">
    <skipped/>
  </testcase>
  <testcase name="setUp" classname="Test_POM.Test22" time="0.461">
    <failure message="The driver executable does not exist: C:\Program Files\Java\chromedriver.exe" type="java.lang.IllegalStateException">java.lang.IllegalStateException: The driver executable does not exist: C:\Program Files\Java\chromedriver.exe
	at Test_POM.Test22.setUp(Test22.java:39)
</failure>
  </testcase>
  <testcase name="VerifyInvalidLoginData" classname="Test_POM.Test22" time="0">
    <skipped message="The driver executable does not exist: C:\Program Files\Java\chromedriver.exe"/>
  </testcase>
  <testcase name="VerifyInvalidLoginData" classname="Test_POM.Test22" time="0">
    <skipped message="The driver executable does not exist: C:\Program Files\Java\chromedriver.exe"/>
  </testcase>
  <testcase name="VerifyInvalidLoginData" classname="Test_POM.Test22" time="0">
    <skipped message="The driver executable does not exist: C:\Program Files\Java\chromedriver.exe"/>
  </testcase>
  <testcase name="VerifyInvalidLoginData" classname="Test_POM.Test22" time="0">
    <skipped message="The driver executable does not exist: C:\Program Files\Java\chromedriver.exe"/>
  </testcase>
  <testcase name="VerifyInvalidLoginData" classname="Test_POM.Test22" time="0">
    <skipped message="The driver executable does not exist: C:\Program Files\Java\chromedriver.exe"/>
  </testcase>
  <testcase name="VerifyInvalidLoginData" classname="Test_POM.Test22" time="0">
    <skipped message="The driver executable does not exist: C:\Program Files\Java\chromedriver.exe"/>
  </testcase>
  <testcase name="VerifyInvalidLoginData" classname="Test_POM.Test22" time="0">
    <skipped message="The driver executable does not exist: C:\Program Files\Java\chromedriver.exe"/>
  </testcase>
  <testcase name="VerifyInvalidLoginData" classname="Test_POM.Test22" time="0">
    <skipped message="The driver executable does not exist: C:\Program Files\Java\chromedriver.exe"/>
  </testcase>
  <testcase name="VerifyInvalidLoginData" classname="Test_POM.Test22" time="0">
    <skipped message="The driver executable does not exist: C:\Program Files\Java\chromedriver.exe"/>
  </testcase>
  <testcase name="VerifyInvalidLoginData" classname="Test_POM.Test22" time="0">
    <skipped message="The driver executable does not exist: C:\Program Files\Java\chromedriver.exe"/>
  </testcase>
  <testcase name="verifyNewFavouritesLabels" classname="Test_POM.Test22" time="0">
    <skipped message="The driver executable does not exist: C:\Program Files\Java\chromedriver.exe"/>
  </testcase>
  <testcase name="verifyNewLinks" classname="Test_POM.Test22" time="0">
    <skipped message="The driver executable does not exist: C:\Program Files\Java\chromedriver.exe"/>
  </testcase>
  <testcase name="verifyNewLinks" classname="Test_POM.Test22" time="0">
    <skipped message="The driver executable does not exist: C:\Program Files\Java\chromedriver.exe"/>
  </testcase>
  <testcase name="verifyNewLinks" classname="Test_POM.Test22" time="0">
    <skipped message="The driver executable does not exist: C:\Program Files\Java\chromedriver.exe"/>
  </testcase>
  <testcase name="verifyNewLinks" classname="Test_POM.Test22" time="0">
    <skipped message="The driver executable does not exist: C:\Program Files\Java\chromedriver.exe"/>
  </testcase>
  <testcase name="verifyNewLinks" classname="Test_POM.Test22" time="0">
    <skipped message="The driver executable does not exist: C:\Program Files\Java\chromedriver.exe"/>
  </testcase>
  <testcase name="verifyNewLinks" classname="Test_POM.Test22" time="0">
    <skipped message="The driver executable does not exist: C:\Program Files\Java\chromedriver.exe"/>
  </testcase>
  <testcase name="tearDown" classname="Test_POM.Test22" time="0">
    <skipped/>
  </testcase>
  <testcase name="setUp" classname="Test_POM.Test33" time="0.804">
    <failure message="The driver executable does not exist: C:\Program Files\Java\chromedriver.exe" type="java.lang.IllegalStateException">java.lang.IllegalStateException: The driver executable does not exist: C:\Program Files\Java\chromedriver.exe
	at Test_POM.Test33.setUp(Test33.java:25)
</failure>
  </testcase>
  <testcase name="verifyThatFindButtonIsVisible" classname="Test_POM.Test33" time="0">
    <skipped message="The driver executable does not exist: C:\Program Files\Java\chromedriver.exe"/>
  </testcase>
  <testcase name="setUp" classname="Test_POM.Test44" time="0.81">
    <failure message="The driver executable does not exist: C:\Program Files\Java\chromedriver.exe" type="java.lang.IllegalStateException">java.lang.IllegalStateException: The driver executable does not exist: C:\Program Files\Java\chromedriver.exe
	at Test_POM.Test44.setUp(Test44.java:25)
</failure>
  </testcase>
  <testcase name="verifyTermColor" classname="Test_POM.Test44" time="0">
    <skipped message="The driver executable does not exist: C:\Program Files\Java\chromedriver.exe"/>
  </testcase>
  <testcase name="tearDown" classname="Test_POM.Test44" time="0">
    <skipped/>
  </testcase>
  <testcase name="setUp" classname="Test_POM.Test55" time="0.817">
    <failure message="The driver executable does not exist: C:\Program Files\Java\chromedriver.exe" type="java.lang.IllegalStateException">java.lang.IllegalStateException: The driver executable does not exist: C:\Program Files\Java\chromedriver.exe
	at Test_POM.Test55.setUp(Test55.java:37)
</failure>
  </testcase>
  <testcase name="verifySearch" classname="Test_POM.Test55" time="0">
    <skipped message="The driver executable does not exist: C:\Program Files\Java\chromedriver.exe"/>
  </testcase>
  <testcase name="testSendEmail" classname="Test_POM.Test55" time="0">
    <skipped message="Method Test55.testSendEmail(java.lang.reflect.Method)[pri:0, instance:Test_POM.Test55@2d45ba] depends on not successfully finished methods"/>
  </testcase>
  <testcase name="tearDown" classname="Test_POM.Test55" time="0">
    <skipped/>
  </testcase>
  <testcase name="setUp" classname="Test_POM.Test66" time="0.823">
    <failure message="The driver executable does not exist: C:\Program Files\Java\chromedriver.exe" type="java.lang.IllegalStateException">java.lang.IllegalStateException: The driver executable does not exist: C:\Program Files\Java\chromedriver.exe
	at Test_POM.Test66.setUp(Test66.java:31)
</failure>
  </testcase>
  <testcase name="CreateDB" classname="Test_POM.Test66" time="0">
    <skipped message="The driver executable does not exist: C:\Program Files\Java\chromedriver.exe"/>
  </testcase>
  <testcase name="tearDown" classname="Test_POM.Test66" time="0">
    <skipped/>
  </testcase>
  <testcase name="setUp" classname="Test_POM.Test77" time="0.83">
    <failure message="The driver executable does not exist: C:\Program Files\Java\chromedriver.exe" type="java.lang.IllegalStateException">java.lang.IllegalStateException: The driver executable does not exist: C:\Program Files\Java\chromedriver.exe
	at Test_POM.Test77.setUp(Test77.java:39)
</failure>
  </testcase>
  <testcase name="DB_Hibernate" classname="Test_POM.Test77" time="0">
    <skipped message="The driver executable does not exist: C:\Program Files\Java\chromedriver.exe"/>
  </testcase>
  <testcase name="tearDown" classname="Test_POM.Test77" time="0">
    <skipped/>
  </testcase>
  <testcase name="setUp" classname="Test_POM.Test88" time="0.837">
    <failure message="The driver executable does not exist: C:\Program Files\Java\chromedriver.exe" type="java.lang.IllegalStateException">java.lang.IllegalStateException: The driver executable does not exist: C:\Program Files\Java\chromedriver.exe
	at Test_POM.Test88.setUp(Test88.java:35)
</failure>
  </testcase>
  <testcase name="test_DAO_DB" classname="Test_POM.Test88" time="0">
    <skipped message="The driver executable does not exist: C:\Program Files\Java\chromedriver.exe"/>
  </testcase>
  <testcase name="tearDown" classname="Test_POM.Test88" time="0">
    <skipped/>
  </testcase>
  <testcase name="verifyThatFindButtonIsNotVisible" classname="Test_POM.Test33" time="0">
    <skipped message="The driver executable does not exist: C:\Program Files\Java\chromedriver.exe"/>
  </testcase>
  <testcase name="tearDown" classname="Test_POM.Test33" time="0">
    <skipped/>
  </testcase>
</testsuite>